<?xml version="1.0" encoding="UTF-8"?>
<!-- Generated by org.testng.reporters.JUnitReportReporter -->
<testsuite hostname="Yannick-Loths-iMac.local" name="com.googlecode.wicketelements.security.AnnotationSecurityCheckTest" tests="16" failures="0" timestamp="1 Sep 2011 19:06:43 GMT" time="0.039" errors="0">
  <testcase name="testFindSecurityConstraintsForEnableWithOneConstraintInRenderAnnotation" time="0.000" classname="com.googlecode.wicketelements.security.AnnotationSecurityCheckTest"/>
  <testcase name="testFindImpliedPermissionsForInstantiationWithInstantiationAnnotation" time="0.004" classname="com.googlecode.wicketelements.security.AnnotationSecurityCheckTest"/>
  <testcase name="testFindSecurityConstraintsForInstantiationWithOneConstraintInRenderAnnotation" time="0.000" classname="com.googlecode.wicketelements.security.AnnotationSecurityCheckTest"/>
  <testcase name="testFindImpliedPermissionsForRenderWithEnableAndRenderAnnotation" time="0.000" classname="com.googlecode.wicketelements.security.AnnotationSecurityCheckTest"/>
  <testcase name="testFindImpliedPermissionsForInstantiationWithRenderAnnotation" time="0.001" classname="com.googlecode.wicketelements.security.AnnotationSecurityCheckTest"/>
  <testcase name="testFindImpliedPermissionsWithNullComponentParam" time="0.001" classname="com.googlecode.wicketelements.security.AnnotationSecurityCheckTest">
    <error type="java.lang.IllegalArgumentException" message="Requires a non null object. Component class must not be null.">
      <![CDATA[java.lang.IllegalArgumentException: Requires a non null object. Component class must not be null.
	at com.googlecode.jbp.common.requirements.ParamRequirements.onConditionNotMet(ParamRequirements.java:60)
	at com.googlecode.jbp.common.requirements.AbstractRequirements$3.requireNotNull(AbstractRequirements.java:300)
	at com.googlecode.wicketelements.security.AnnotationSecurityCheck.findImpliedPermissions(AnnotationSecurityCheck.java:146)
	at com.googlecode.wicketelements.security.AnnotationSecurityCheckTest.testFindImpliedPermissionsWithNullComponentParam(AnnotationSecurityCheckTest.java:43)
	at sun.reflect.NativeMethodAccessorImpl.invoke0(Native Method)
	at sun.reflect.NativeMethodAccessorImpl.invoke(NativeMethodAccessorImpl.java:39)
	at sun.reflect.DelegatingMethodAccessorImpl.invoke(DelegatingMethodAccessorImpl.java:25)
	at java.lang.reflect.Method.invoke(Method.java:597)
	at org.testng.internal.MethodInvocationHelper.invokeMethod(MethodInvocationHelper.java:74)
	at org.testng.internal.Invoker.invokeMethod(Invoker.java:673)
	at org.testng.internal.Invoker.invokeTestMethod(Invoker.java:846)
	at org.testng.internal.Invoker.invokeTestMethods(Invoker.java:1170)
	at org.testng.internal.TestMethodWorker.invokeTestMethods(TestMethodWorker.java:125)
	at org.testng.internal.TestMethodWorker.run(TestMethodWorker.java:109)
	at org.testng.TestRunner.runWorkers(TestRunner.java:1125)
	at org.testng.TestRunner.privateRun(TestRunner.java:749)
	at org.testng.TestRunner.run(TestRunner.java:600)
	at org.testng.SuiteRunner.runTest(SuiteRunner.java:317)
	at org.testng.SuiteRunner.runSequentially(SuiteRunner.java:312)
	at org.testng.SuiteRunner.privateRun(SuiteRunner.java:274)
	at org.testng.SuiteRunner.run(SuiteRunner.java:223)
	at org.testng.SuiteRunnerWorker.runSuite(SuiteRunnerWorker.java:52)
	at org.testng.SuiteRunnerWorker.run(SuiteRunnerWorker.java:86)
	at org.testng.TestNG.runSuitesSequentially(TestNG.java:995)
	at org.testng.TestNG.runSuitesLocally(TestNG.java:920)
	at org.testng.TestNG.run(TestNG.java:856)
	at org.apache.maven.surefire.testng.TestNGExecutor.run(TestNGExecutor.java:60)
	at org.apache.maven.surefire.testng.TestNGDirectoryTestSuite.execute(TestNGDirectoryTestSuite.java:106)
	at org.apache.maven.surefire.testng.TestNGProvider.invoke(TestNGProvider.java:111)
	at sun.reflect.NativeMethodAccessorImpl.invoke0(Native Method)
	at sun.reflect.NativeMethodAccessorImpl.invoke(NativeMethodAccessorImpl.java:39)
	at sun.reflect.DelegatingMethodAccessorImpl.invoke(DelegatingMethodAccessorImpl.java:25)
	at java.lang.reflect.Method.invoke(Method.java:597)
	at org.apache.maven.surefire.booter.ProviderFactory$ClassLoaderProxy.invoke(ProviderFactory.java:103)
	at $Proxy0.invoke(Unknown Source)
	at org.apache.maven.surefire.booter.SurefireStarter.invokeProvider(SurefireStarter.java:150)
	at org.apache.maven.surefire.booter.SurefireStarter.runSuitesInProcess(SurefireStarter.java:91)
	at org.apache.maven.surefire.booter.ForkedBooter.main(ForkedBooter.java:69)
]]>
    </error>
  </testcase>
  <testcase name="testFindSecurityConstraintsForEnableWithNullParameter" time="0.001" classname="com.googlecode.wicketelements.security.AnnotationSecurityCheckTest">
    <error type="java.lang.IllegalArgumentException" message="Requires a non null object. Cannot find security constraints an a null component!">
      <![CDATA[java.lang.IllegalArgumentException: Requires a non null object. Cannot find security constraints an a null component!
	at com.googlecode.jbp.common.requirements.ParamRequirements.onConditionNotMet(ParamRequirements.java:60)
	at com.googlecode.jbp.common.requirements.AbstractRequirements$3.requireNotNull(AbstractRequirements.java:300)
	at com.googlecode.wicketelements.security.AnnotationSecurityCheck.findSecurityConstraintsForEnable(AnnotationSecurityCheck.java:38)
	at com.googlecode.wicketelements.security.AnnotationSecurityCheckTest.testFindSecurityConstraintsForEnableWithNullParameter(AnnotationSecurityCheckTest.java:83)
	at sun.reflect.NativeMethodAccessorImpl.invoke0(Native Method)
	at sun.reflect.NativeMethodAccessorImpl.invoke(NativeMethodAccessorImpl.java:39)
	at sun.reflect.DelegatingMethodAccessorImpl.invoke(DelegatingMethodAccessorImpl.java:25)
	at java.lang.reflect.Method.invoke(Method.java:597)
	at org.testng.internal.MethodInvocationHelper.invokeMethod(MethodInvocationHelper.java:74)
	at org.testng.internal.Invoker.invokeMethod(Invoker.java:673)
	at org.testng.internal.Invoker.invokeTestMethod(Invoker.java:846)
	at org.testng.internal.Invoker.invokeTestMethods(Invoker.java:1170)
	at org.testng.internal.TestMethodWorker.invokeTestMethods(TestMethodWorker.java:125)
	at org.testng.internal.TestMethodWorker.run(TestMethodWorker.java:109)
	at org.testng.TestRunner.runWorkers(TestRunner.java:1125)
	at org.testng.TestRunner.privateRun(TestRunner.java:749)
	at org.testng.TestRunner.run(TestRunner.java:600)
	at org.testng.SuiteRunner.runTest(SuiteRunner.java:317)
	at org.testng.SuiteRunner.runSequentially(SuiteRunner.java:312)
	at org.testng.SuiteRunner.privateRun(SuiteRunner.java:274)
	at org.testng.SuiteRunner.run(SuiteRunner.java:223)
	at org.testng.SuiteRunnerWorker.runSuite(SuiteRunnerWorker.java:52)
	at org.testng.SuiteRunnerWorker.run(SuiteRunnerWorker.java:86)
	at org.testng.TestNG.runSuitesSequentially(TestNG.java:995)
	at org.testng.TestNG.runSuitesLocally(TestNG.java:920)
	at org.testng.TestNG.run(TestNG.java:856)
	at org.apache.maven.surefire.testng.TestNGExecutor.run(TestNGExecutor.java:60)
	at org.apache.maven.surefire.testng.TestNGDirectoryTestSuite.execute(TestNGDirectoryTestSuite.java:106)
	at org.apache.maven.surefire.testng.TestNGProvider.invoke(TestNGProvider.java:111)
	at sun.reflect.NativeMethodAccessorImpl.invoke0(Native Method)
	at sun.reflect.NativeMethodAccessorImpl.invoke(NativeMethodAccessorImpl.java:39)
	at sun.reflect.DelegatingMethodAccessorImpl.invoke(DelegatingMethodAccessorImpl.java:25)
	at java.lang.reflect.Method.invoke(Method.java:597)
	at org.apache.maven.surefire.booter.ProviderFactory$ClassLoaderProxy.invoke(ProviderFactory.java:103)
	at $Proxy0.invoke(Unknown Source)
	at org.apache.maven.surefire.booter.SurefireStarter.invokeProvider(SurefireStarter.java:150)
	at org.apache.maven.surefire.booter.SurefireStarter.runSuitesInProcess(SurefireStarter.java:91)
	at org.apache.maven.surefire.booter.ForkedBooter.main(ForkedBooter.java:69)
]]>
    </error>
  </testcase>
  <testcase name="testFindSecurityConstraintsForInstantiationWithNullParameter" time="0.000" classname="com.googlecode.wicketelements.security.AnnotationSecurityCheckTest">
    <error type="java.lang.IllegalArgumentException" message="Requires a non null object. Cannot find security constraints an a null component class!">
      <![CDATA[java.lang.IllegalArgumentException: Requires a non null object. Cannot find security constraints an a null component class!
	at com.googlecode.jbp.common.requirements.ParamRequirements.onConditionNotMet(ParamRequirements.java:60)
	at com.googlecode.jbp.common.requirements.AbstractRequirements$3.requireNotNull(AbstractRequirements.java:300)
	at com.googlecode.wicketelements.security.AnnotationSecurityCheck.findSecurityConstraintsForInstantiation(AnnotationSecurityCheck.java:58)
	at com.googlecode.wicketelements.security.AnnotationSecurityCheckTest.testFindSecurityConstraintsForInstantiationWithNullParameter(AnnotationSecurityCheckTest.java:93)
	at sun.reflect.NativeMethodAccessorImpl.invoke0(Native Method)
	at sun.reflect.NativeMethodAccessorImpl.invoke(NativeMethodAccessorImpl.java:39)
	at sun.reflect.DelegatingMethodAccessorImpl.invoke(DelegatingMethodAccessorImpl.java:25)
	at java.lang.reflect.Method.invoke(Method.java:597)
	at org.testng.internal.MethodInvocationHelper.invokeMethod(MethodInvocationHelper.java:74)
	at org.testng.internal.Invoker.invokeMethod(Invoker.java:673)
	at org.testng.internal.Invoker.invokeTestMethod(Invoker.java:846)
	at org.testng.internal.Invoker.invokeTestMethods(Invoker.java:1170)
	at org.testng.internal.TestMethodWorker.invokeTestMethods(TestMethodWorker.java:125)
	at org.testng.internal.TestMethodWorker.run(TestMethodWorker.java:109)
	at org.testng.TestRunner.runWorkers(TestRunner.java:1125)
	at org.testng.TestRunner.privateRun(TestRunner.java:749)
	at org.testng.TestRunner.run(TestRunner.java:600)
	at org.testng.SuiteRunner.runTest(SuiteRunner.java:317)
	at org.testng.SuiteRunner.runSequentially(SuiteRunner.java:312)
	at org.testng.SuiteRunner.privateRun(SuiteRunner.java:274)
	at org.testng.SuiteRunner.run(SuiteRunner.java:223)
	at org.testng.SuiteRunnerWorker.runSuite(SuiteRunnerWorker.java:52)
	at org.testng.SuiteRunnerWorker.run(SuiteRunnerWorker.java:86)
	at org.testng.TestNG.runSuitesSequentially(TestNG.java:995)
	at org.testng.TestNG.runSuitesLocally(TestNG.java:920)
	at org.testng.TestNG.run(TestNG.java:856)
	at org.apache.maven.surefire.testng.TestNGExecutor.run(TestNGExecutor.java:60)
	at org.apache.maven.surefire.testng.TestNGDirectoryTestSuite.execute(TestNGDirectoryTestSuite.java:106)
	at org.apache.maven.surefire.testng.TestNGProvider.invoke(TestNGProvider.java:111)
	at sun.reflect.NativeMethodAccessorImpl.invoke0(Native Method)
	at sun.reflect.NativeMethodAccessorImpl.invoke(NativeMethodAccessorImpl.java:39)
	at sun.reflect.DelegatingMethodAccessorImpl.invoke(DelegatingMethodAccessorImpl.java:25)
	at java.lang.reflect.Method.invoke(Method.java:597)
	at org.apache.maven.surefire.booter.ProviderFactory$ClassLoaderProxy.invoke(ProviderFactory.java:103)
	at $Proxy0.invoke(Unknown Source)
	at org.apache.maven.surefire.booter.SurefireStarter.invokeProvider(SurefireStarter.java:150)
	at org.apache.maven.surefire.booter.SurefireStarter.runSuitesInProcess(SurefireStarter.java:91)
	at org.apache.maven.surefire.booter.ForkedBooter.main(ForkedBooter.java:69)
]]>
    </error>
  </testcase>
  <testcase name="testFindSecurityConstraintsForEnableWithOneConstraintInEnableAnnotation" time="0.004" classname="com.googlecode.wicketelements.security.AnnotationSecurityCheckTest"/>
  <testcase name="testFindSecurityConstraintsForRenderWithOneConstraintInEnableAnnotation" time="0.000" classname="com.googlecode.wicketelements.security.AnnotationSecurityCheckTest"/>
  <testcase name="testFindImpliedPermissionsForInstantiationWithEnableAndRenderAnnotation" time="0.000" classname="com.googlecode.wicketelements.security.AnnotationSecurityCheckTest"/>
  <testcase name="testFindImpliedPermissionsForEnableWithEnableAndRenderAnnotation" time="0.026" classname="com.googlecode.wicketelements.security.AnnotationSecurityCheckTest"/>
  <testcase name="testFindSecurityConstraintsForRenderWithNullParameter" time="0.000" classname="com.googlecode.wicketelements.security.AnnotationSecurityCheckTest">
    <error type="java.lang.IllegalArgumentException" message="Requires a non null object. Cannot find security constraints an a null component!">
      <![CDATA[java.lang.IllegalArgumentException: Requires a non null object. Cannot find security constraints an a null component!
	at com.googlecode.jbp.common.requirements.ParamRequirements.onConditionNotMet(ParamRequirements.java:60)
	at com.googlecode.jbp.common.requirements.AbstractRequirements$3.requireNotNull(AbstractRequirements.java:300)
	at com.googlecode.wicketelements.security.AnnotationSecurityCheck.findSecurityConstraintsForRender(AnnotationSecurityCheck.java:48)
	at com.googlecode.wicketelements.security.AnnotationSecurityCheckTest.testFindSecurityConstraintsForRenderWithNullParameter(AnnotationSecurityCheckTest.java:88)
	at sun.reflect.NativeMethodAccessorImpl.invoke0(Native Method)
	at sun.reflect.NativeMethodAccessorImpl.invoke(NativeMethodAccessorImpl.java:39)
	at sun.reflect.DelegatingMethodAccessorImpl.invoke(DelegatingMethodAccessorImpl.java:25)
	at java.lang.reflect.Method.invoke(Method.java:597)
	at org.testng.internal.MethodInvocationHelper.invokeMethod(MethodInvocationHelper.java:74)
	at org.testng.internal.Invoker.invokeMethod(Invoker.java:673)
	at org.testng.internal.Invoker.invokeTestMethod(Invoker.java:846)
	at org.testng.internal.Invoker.invokeTestMethods(Invoker.java:1170)
	at org.testng.internal.TestMethodWorker.invokeTestMethods(TestMethodWorker.java:125)
	at org.testng.internal.TestMethodWorker.run(TestMethodWorker.java:109)
	at org.testng.TestRunner.runWorkers(TestRunner.java:1125)
	at org.testng.TestRunner.privateRun(TestRunner.java:749)
	at org.testng.TestRunner.run(TestRunner.java:600)
	at org.testng.SuiteRunner.runTest(SuiteRunner.java:317)
	at org.testng.SuiteRunner.runSequentially(SuiteRunner.java:312)
	at org.testng.SuiteRunner.privateRun(SuiteRunner.java:274)
	at org.testng.SuiteRunner.run(SuiteRunner.java:223)
	at org.testng.SuiteRunnerWorker.runSuite(SuiteRunnerWorker.java:52)
	at org.testng.SuiteRunnerWorker.run(SuiteRunnerWorker.java:86)
	at org.testng.TestNG.runSuitesSequentially(TestNG.java:995)
	at org.testng.TestNG.runSuitesLocally(TestNG.java:920)
	at org.testng.TestNG.run(TestNG.java:856)
	at org.apache.maven.surefire.testng.TestNGExecutor.run(TestNGExecutor.java:60)
	at org.apache.maven.surefire.testng.TestNGDirectoryTestSuite.execute(TestNGDirectoryTestSuite.java:106)
	at org.apache.maven.surefire.testng.TestNGProvider.invoke(TestNGProvider.java:111)
	at sun.reflect.NativeMethodAccessorImpl.invoke0(Native Method)
	at sun.reflect.NativeMethodAccessorImpl.invoke(NativeMethodAccessorImpl.java:39)
	at sun.reflect.DelegatingMethodAccessorImpl.invoke(DelegatingMethodAccessorImpl.java:25)
	at java.lang.reflect.Method.invoke(Method.java:597)
	at org.apache.maven.surefire.booter.ProviderFactory$ClassLoaderProxy.invoke(ProviderFactory.java:103)
	at $Proxy0.invoke(Unknown Source)
	at org.apache.maven.surefire.booter.SurefireStarter.invokeProvider(SurefireStarter.java:150)
	at org.apache.maven.surefire.booter.SurefireStarter.runSuitesInProcess(SurefireStarter.java:91)
	at org.apache.maven.surefire.booter.ForkedBooter.main(ForkedBooter.java:69)
]]>
    </error>
  </testcase>
  <testcase name="testFindSecurityConstraintsForRenderWithOneConstraintInRenderAnnotation" time="0.001" classname="com.googlecode.wicketelements.security.AnnotationSecurityCheckTest"/>
  <testcase name="testFindImpliedPermissionsWithNullAnnotationParam" time="0.000" classname="com.googlecode.wicketelements.security.AnnotationSecurityCheckTest">
    <error type="java.lang.IllegalArgumentException" message="Requires a non null object. Action annotation class must not be null.">
      <![CDATA[java.lang.IllegalArgumentException: Requires a non null object. Action annotation class must not be null.
	at com.googlecode.jbp.common.requirements.ParamRequirements.onConditionNotMet(ParamRequirements.java:60)
	at com.googlecode.jbp.common.requirements.AbstractRequirements$3.requireNotNull(AbstractRequirements.java:300)
	at com.googlecode.wicketelements.security.AnnotationSecurityCheck.findImpliedPermissions(AnnotationSecurityCheck.java:147)
	at com.googlecode.wicketelements.security.AnnotationSecurityCheckTest.testFindImpliedPermissionsWithNullAnnotationParam(AnnotationSecurityCheckTest.java:48)
	at sun.reflect.NativeMethodAccessorImpl.invoke0(Native Method)
	at sun.reflect.NativeMethodAccessorImpl.invoke(NativeMethodAccessorImpl.java:39)
	at sun.reflect.DelegatingMethodAccessorImpl.invoke(DelegatingMethodAccessorImpl.java:25)
	at java.lang.reflect.Method.invoke(Method.java:597)
	at org.testng.internal.MethodInvocationHelper.invokeMethod(MethodInvocationHelper.java:74)
	at org.testng.internal.Invoker.invokeMethod(Invoker.java:673)
	at org.testng.internal.Invoker.invokeTestMethod(Invoker.java:846)
	at org.testng.internal.Invoker.invokeTestMethods(Invoker.java:1170)
	at org.testng.internal.TestMethodWorker.invokeTestMethods(TestMethodWorker.java:125)
	at org.testng.internal.TestMethodWorker.run(TestMethodWorker.java:109)
	at org.testng.TestRunner.runWorkers(TestRunner.java:1125)
	at org.testng.TestRunner.privateRun(TestRunner.java:749)
	at org.testng.TestRunner.run(TestRunner.java:600)
	at org.testng.SuiteRunner.runTest(SuiteRunner.java:317)
	at org.testng.SuiteRunner.runSequentially(SuiteRunner.java:312)
	at org.testng.SuiteRunner.privateRun(SuiteRunner.java:274)
	at org.testng.SuiteRunner.run(SuiteRunner.java:223)
	at org.testng.SuiteRunnerWorker.runSuite(SuiteRunnerWorker.java:52)
	at org.testng.SuiteRunnerWorker.run(SuiteRunnerWorker.java:86)
	at org.testng.TestNG.runSuitesSequentially(TestNG.java:995)
	at org.testng.TestNG.runSuitesLocally(TestNG.java:920)
	at org.testng.TestNG.run(TestNG.java:856)
	at org.apache.maven.surefire.testng.TestNGExecutor.run(TestNGExecutor.java:60)
	at org.apache.maven.surefire.testng.TestNGDirectoryTestSuite.execute(TestNGDirectoryTestSuite.java:106)
	at org.apache.maven.surefire.testng.TestNGProvider.invoke(TestNGProvider.java:111)
	at sun.reflect.NativeMethodAccessorImpl.invoke0(Native Method)
	at sun.reflect.NativeMethodAccessorImpl.invoke(NativeMethodAccessorImpl.java:39)
	at sun.reflect.DelegatingMethodAccessorImpl.invoke(DelegatingMethodAccessorImpl.java:25)
	at java.lang.reflect.Method.invoke(Method.java:597)
	at org.apache.maven.surefire.booter.ProviderFactory$ClassLoaderProxy.invoke(ProviderFactory.java:103)
	at $Proxy0.invoke(Unknown Source)
	at org.apache.maven.surefire.booter.SurefireStarter.invokeProvider(SurefireStarter.java:150)
	at org.apache.maven.surefire.booter.SurefireStarter.runSuitesInProcess(SurefireStarter.java:91)
	at org.apache.maven.surefire.booter.ForkedBooter.main(ForkedBooter.java:69)
]]>
    </error>
  </testcase>
  <testcase name="testFindSecurityConstraintsForInstantiationWithOneConstraintInInstantiationAnnotation" time="0.001" classname="com.googlecode.wicketelements.security.AnnotationSecurityCheckTest"/>
</testsuite>
