<html>
<head>
<title>TestNG:  Command line test</title>
<link href="../testng.css" rel="stylesheet" type="text/css" />
<link href="../my-testng.css" rel="stylesheet" type="text/css" />

<style type="text/css">
.log { display: none;} 
.stack-trace { display: none;} 
</style>
<script type="text/javascript">
<!--
function flip(e) {
  current = e.style.display;
  if (current == 'block') {
    e.style.display = 'none';
    return 0;
  }
  else {
    e.style.display = 'block';
    return 1;
  }
}

function toggleBox(szDivId, elem, msg1, msg2)
{
  var res = -1;  if (document.getElementById) {
    res = flip(document.getElementById(szDivId));
  }
  else if (document.all) {
    // this is the way old msie versions work
    res = flip(document.all[szDivId]);
  }
  if(elem) {
    if(res == 0) elem.innerHTML = msg1; else elem.innerHTML = msg2;
  }

}

function toggleAllBoxes() {
  if (document.getElementsByTagName) {
    d = document.getElementsByTagName('div');
    for (i = 0; i < d.length; i++) {
      if (d[i].className == 'log') {
        flip(d[i]);
      }
    }
  }
}

// -->
</script>

</head>
<body>
<h2 align='center'>Command line test</h2><table border='1' align="center">
<tr>
<td>Tests passed/Failed/Skipped:</td><td>16/0/0</td>
</tr><tr>
<td>Started on:</td><td>Thu Sep 01 21:06:42 CEST 2011</td>
</tr>
<tr><td>Total time:</td><td>0 seconds (531 ms)</td>
</tr><tr>
<td>Included groups:</td><td></td>
</tr><tr>
<td>Excluded groups:</td><td></td>
</tr>
</table><p/>
<small><i>(Hover the method name to see the test class name)</i></small><p/>
<table width='100%' border='1' class='invocation-passed'>
<tr><td colspan='4' align='center'><b>PASSED TESTS</b></td></tr>
<tr><td><b>Test method</b></td>
<td width="30%"><b>Exception</b></td>
<td width="10%"><b>Time (seconds)</b></td>
<td><b>Instance</b></td>
</tr>
<tr>
<td title='com.googlecode.wicketelements.security.AnnotationSecurityCheckTest.testFindImpliedPermissionsForEnableWithEnableAndRenderAnnotation()'><b>testFindImpliedPermissionsForEnableWithEnableAndRenderAnnotation</b><br>Test class: com.googlecode.wicketelements.security.AnnotationSecurityCheckTest</td>
<td></td>
<td>0</td>
<td>com.googlecode.wicketelements.security.AnnotationSecurityCheckTest@23d256fa</td></tr>
<tr>
<td title='com.googlecode.wicketelements.security.AnnotationSecurityCheckTest.testFindImpliedPermissionsForInstantiationWithEnableAndRenderAnnotation()'><b>testFindImpliedPermissionsForInstantiationWithEnableAndRenderAnnotation</b><br>Test class: com.googlecode.wicketelements.security.AnnotationSecurityCheckTest</td>
<td></td>
<td>0</td>
<td>com.googlecode.wicketelements.security.AnnotationSecurityCheckTest@23d256fa</td></tr>
<tr>
<td title='com.googlecode.wicketelements.security.AnnotationSecurityCheckTest.testFindImpliedPermissionsForInstantiationWithInstantiationAnnotation()'><b>testFindImpliedPermissionsForInstantiationWithInstantiationAnnotation</b><br>Test class: com.googlecode.wicketelements.security.AnnotationSecurityCheckTest</td>
<td></td>
<td>0</td>
<td>com.googlecode.wicketelements.security.AnnotationSecurityCheckTest@23d256fa</td></tr>
<tr>
<td title='com.googlecode.wicketelements.security.AnnotationSecurityCheckTest.testFindImpliedPermissionsForInstantiationWithRenderAnnotation()'><b>testFindImpliedPermissionsForInstantiationWithRenderAnnotation</b><br>Test class: com.googlecode.wicketelements.security.AnnotationSecurityCheckTest</td>
<td></td>
<td>0</td>
<td>com.googlecode.wicketelements.security.AnnotationSecurityCheckTest@23d256fa</td></tr>
<tr>
<td title='com.googlecode.wicketelements.security.AnnotationSecurityCheckTest.testFindImpliedPermissionsForRenderWithEnableAndRenderAnnotation()'><b>testFindImpliedPermissionsForRenderWithEnableAndRenderAnnotation</b><br>Test class: com.googlecode.wicketelements.security.AnnotationSecurityCheckTest</td>
<td></td>
<td>0</td>
<td>com.googlecode.wicketelements.security.AnnotationSecurityCheckTest@23d256fa</td></tr>
<tr>
<td title='com.googlecode.wicketelements.security.AnnotationSecurityCheckTest.testFindImpliedPermissionsWithNullAnnotationParam()'><b>testFindImpliedPermissionsWithNullAnnotationParam</b><br>Test class: com.googlecode.wicketelements.security.AnnotationSecurityCheckTest</td>
<td><div><pre>java.lang.IllegalArgumentException: Requires a non null object. Action annotation class must not be null.
	at com.googlecode.jbp.common.requirements.ParamRequirements.onConditionNotMet(ParamRequirements.java:60)
	at com.googlecode.jbp.common.requirements.AbstractRequirements$3.requireNotNull(AbstractRequirements.java:300)
	at com.googlecode.wicketelements.security.AnnotationSecurityCheck.findImpliedPermissions(AnnotationSecurityCheck.java:147)
	at com.googlecode.wicketelements.security.AnnotationSecurityCheckTest.testFindImpliedPermissionsWithNullAnnotationParam(AnnotationSecurityCheckTest.java:48)
	at org.apache.maven.surefire.testng.TestNGExecutor.run(TestNGExecutor.java:60)
	at org.apache.maven.surefire.testng.TestNGDirectoryTestSuite.execute(TestNGDirectoryTestSuite.java:106)
	at org.apache.maven.surefire.testng.TestNGProvider.invoke(TestNGProvider.java:111)
	at org.apache.maven.surefire.booter.ProviderFactory$ClassLoaderProxy.invoke(ProviderFactory.java:103)
	at $Proxy0.invoke(Unknown Source)
	at org.apache.maven.surefire.booter.SurefireStarter.invokeProvider(SurefireStarter.java:150)
	at org.apache.maven.surefire.booter.SurefireStarter.runSuitesInProcess(SurefireStarter.java:91)
	at org.apache.maven.surefire.booter.ForkedBooter.main(ForkedBooter.java:69)
... Removed 26 stack frames</pre></div><a href='#' onClick='toggleBox("stack-trace782521654", this, "Click to show all stack frames", "Click to hide stack frames")'>Click to show all stack frames</a>
<div class='stack-trace' id='stack-trace782521654'><pre>java.lang.IllegalArgumentException: Requires a non null object. Action annotation class must not be null.
	at com.googlecode.jbp.common.requirements.ParamRequirements.onConditionNotMet(ParamRequirements.java:60)
	at com.googlecode.jbp.common.requirements.AbstractRequirements$3.requireNotNull(AbstractRequirements.java:300)
	at com.googlecode.wicketelements.security.AnnotationSecurityCheck.findImpliedPermissions(AnnotationSecurityCheck.java:147)
	at com.googlecode.wicketelements.security.AnnotationSecurityCheckTest.testFindImpliedPermissionsWithNullAnnotationParam(AnnotationSecurityCheckTest.java:48)
	at sun.reflect.NativeMethodAccessorImpl.invoke0(Native Method)
	at sun.reflect.NativeMethodAccessorImpl.invoke(NativeMethodAccessorImpl.java:39)
	at sun.reflect.DelegatingMethodAccessorImpl.invoke(DelegatingMethodAccessorImpl.java:25)
	at java.lang.reflect.Method.invoke(Method.java:597)
	at org.testng.internal.MethodInvocationHelper.invokeMethod(MethodInvocationHelper.java:74)
	at org.testng.internal.Invoker.invokeMethod(Invoker.java:673)
	at org.testng.internal.Invoker.invokeTestMethod(Invoker.java:846)
	at org.testng.internal.Invoker.invokeTestMethods(Invoker.java:1170)
	at org.testng.internal.TestMethodWorker.invokeTestMethods(TestMethodWorker.java:125)
	at org.testng.internal.TestMethodWorker.run(TestMethodWorker.java:109)
	at org.testng.TestRunner.runWorkers(TestRunner.java:1125)
	at org.testng.TestRunner.privateRun(TestRunner.java:749)
	at org.testng.TestRunner.run(TestRunner.java:600)
	at org.testng.SuiteRunner.runTest(SuiteRunner.java:317)
	at org.testng.SuiteRunner.runSequentially(SuiteRunner.java:312)
	at org.testng.SuiteRunner.privateRun(SuiteRunner.java:274)
	at org.testng.SuiteRunner.run(SuiteRunner.java:223)
	at org.testng.SuiteRunnerWorker.runSuite(SuiteRunnerWorker.java:52)
	at org.testng.SuiteRunnerWorker.run(SuiteRunnerWorker.java:86)
	at org.testng.TestNG.runSuitesSequentially(TestNG.java:995)
	at org.testng.TestNG.runSuitesLocally(TestNG.java:920)
	at org.testng.TestNG.run(TestNG.java:856)
	at org.apache.maven.surefire.testng.TestNGExecutor.run(TestNGExecutor.java:60)
	at org.apache.maven.surefire.testng.TestNGDirectoryTestSuite.execute(TestNGDirectoryTestSuite.java:106)
	at org.apache.maven.surefire.testng.TestNGProvider.invoke(TestNGProvider.java:111)
	at sun.reflect.NativeMethodAccessorImpl.invoke0(Native Method)
	at sun.reflect.NativeMethodAccessorImpl.invoke(NativeMethodAccessorImpl.java:39)
	at sun.reflect.DelegatingMethodAccessorImpl.invoke(DelegatingMethodAccessorImpl.java:25)
	at java.lang.reflect.Method.invoke(Method.java:597)
	at org.apache.maven.surefire.booter.ProviderFactory$ClassLoaderProxy.invoke(ProviderFactory.java:103)
	at $Proxy0.invoke(Unknown Source)
	at org.apache.maven.surefire.booter.SurefireStarter.invokeProvider(SurefireStarter.java:150)
	at org.apache.maven.surefire.booter.SurefireStarter.runSuitesInProcess(SurefireStarter.java:91)
	at org.apache.maven.surefire.booter.ForkedBooter.main(ForkedBooter.java:69)
</pre></div></td>
<td>0</td>
<td>com.googlecode.wicketelements.security.AnnotationSecurityCheckTest@23d256fa</td></tr>
<tr>
<td title='com.googlecode.wicketelements.security.AnnotationSecurityCheckTest.testFindImpliedPermissionsWithNullComponentParam()'><b>testFindImpliedPermissionsWithNullComponentParam</b><br>Test class: com.googlecode.wicketelements.security.AnnotationSecurityCheckTest</td>
<td><div><pre>java.lang.IllegalArgumentException: Requires a non null object. Component class must not be null.
	at com.googlecode.jbp.common.requirements.ParamRequirements.onConditionNotMet(ParamRequirements.java:60)
	at com.googlecode.jbp.common.requirements.AbstractRequirements$3.requireNotNull(AbstractRequirements.java:300)
	at com.googlecode.wicketelements.security.AnnotationSecurityCheck.findImpliedPermissions(AnnotationSecurityCheck.java:146)
	at com.googlecode.wicketelements.security.AnnotationSecurityCheckTest.testFindImpliedPermissionsWithNullComponentParam(AnnotationSecurityCheckTest.java:43)
	at org.apache.maven.surefire.testng.TestNGExecutor.run(TestNGExecutor.java:60)
	at org.apache.maven.surefire.testng.TestNGDirectoryTestSuite.execute(TestNGDirectoryTestSuite.java:106)
	at org.apache.maven.surefire.testng.TestNGProvider.invoke(TestNGProvider.java:111)
	at org.apache.maven.surefire.booter.ProviderFactory$ClassLoaderProxy.invoke(ProviderFactory.java:103)
	at $Proxy0.invoke(Unknown Source)
	at org.apache.maven.surefire.booter.SurefireStarter.invokeProvider(SurefireStarter.java:150)
	at org.apache.maven.surefire.booter.SurefireStarter.runSuitesInProcess(SurefireStarter.java:91)
	at org.apache.maven.surefire.booter.ForkedBooter.main(ForkedBooter.java:69)
... Removed 26 stack frames</pre></div><a href='#' onClick='toggleBox("stack-trace651584550", this, "Click to show all stack frames", "Click to hide stack frames")'>Click to show all stack frames</a>
<div class='stack-trace' id='stack-trace651584550'><pre>java.lang.IllegalArgumentException: Requires a non null object. Component class must not be null.
	at com.googlecode.jbp.common.requirements.ParamRequirements.onConditionNotMet(ParamRequirements.java:60)
	at com.googlecode.jbp.common.requirements.AbstractRequirements$3.requireNotNull(AbstractRequirements.java:300)
	at com.googlecode.wicketelements.security.AnnotationSecurityCheck.findImpliedPermissions(AnnotationSecurityCheck.java:146)
	at com.googlecode.wicketelements.security.AnnotationSecurityCheckTest.testFindImpliedPermissionsWithNullComponentParam(AnnotationSecurityCheckTest.java:43)
	at sun.reflect.NativeMethodAccessorImpl.invoke0(Native Method)
	at sun.reflect.NativeMethodAccessorImpl.invoke(NativeMethodAccessorImpl.java:39)
	at sun.reflect.DelegatingMethodAccessorImpl.invoke(DelegatingMethodAccessorImpl.java:25)
	at java.lang.reflect.Method.invoke(Method.java:597)
	at org.testng.internal.MethodInvocationHelper.invokeMethod(MethodInvocationHelper.java:74)
	at org.testng.internal.Invoker.invokeMethod(Invoker.java:673)
	at org.testng.internal.Invoker.invokeTestMethod(Invoker.java:846)
	at org.testng.internal.Invoker.invokeTestMethods(Invoker.java:1170)
	at org.testng.internal.TestMethodWorker.invokeTestMethods(TestMethodWorker.java:125)
	at org.testng.internal.TestMethodWorker.run(TestMethodWorker.java:109)
	at org.testng.TestRunner.runWorkers(TestRunner.java:1125)
	at org.testng.TestRunner.privateRun(TestRunner.java:749)
	at org.testng.TestRunner.run(TestRunner.java:600)
	at org.testng.SuiteRunner.runTest(SuiteRunner.java:317)
	at org.testng.SuiteRunner.runSequentially(SuiteRunner.java:312)
	at org.testng.SuiteRunner.privateRun(SuiteRunner.java:274)
	at org.testng.SuiteRunner.run(SuiteRunner.java:223)
	at org.testng.SuiteRunnerWorker.runSuite(SuiteRunnerWorker.java:52)
	at org.testng.SuiteRunnerWorker.run(SuiteRunnerWorker.java:86)
	at org.testng.TestNG.runSuitesSequentially(TestNG.java:995)
	at org.testng.TestNG.runSuitesLocally(TestNG.java:920)
	at org.testng.TestNG.run(TestNG.java:856)
	at org.apache.maven.surefire.testng.TestNGExecutor.run(TestNGExecutor.java:60)
	at org.apache.maven.surefire.testng.TestNGDirectoryTestSuite.execute(TestNGDirectoryTestSuite.java:106)
	at org.apache.maven.surefire.testng.TestNGProvider.invoke(TestNGProvider.java:111)
	at sun.reflect.NativeMethodAccessorImpl.invoke0(Native Method)
	at sun.reflect.NativeMethodAccessorImpl.invoke(NativeMethodAccessorImpl.java:39)
	at sun.reflect.DelegatingMethodAccessorImpl.invoke(DelegatingMethodAccessorImpl.java:25)
	at java.lang.reflect.Method.invoke(Method.java:597)
	at org.apache.maven.surefire.booter.ProviderFactory$ClassLoaderProxy.invoke(ProviderFactory.java:103)
	at $Proxy0.invoke(Unknown Source)
	at org.apache.maven.surefire.booter.SurefireStarter.invokeProvider(SurefireStarter.java:150)
	at org.apache.maven.surefire.booter.SurefireStarter.runSuitesInProcess(SurefireStarter.java:91)
	at org.apache.maven.surefire.booter.ForkedBooter.main(ForkedBooter.java:69)
</pre></div></td>
<td>0</td>
<td>com.googlecode.wicketelements.security.AnnotationSecurityCheckTest@23d256fa</td></tr>
<tr>
<td title='com.googlecode.wicketelements.security.AnnotationSecurityCheckTest.testFindSecurityConstraintsForEnableWithNullParameter()'><b>testFindSecurityConstraintsForEnableWithNullParameter</b><br>Test class: com.googlecode.wicketelements.security.AnnotationSecurityCheckTest</td>
<td><div><pre>java.lang.IllegalArgumentException: Requires a non null object. Cannot find security constraints an a null component!
	at com.googlecode.jbp.common.requirements.ParamRequirements.onConditionNotMet(ParamRequirements.java:60)
	at com.googlecode.jbp.common.requirements.AbstractRequirements$3.requireNotNull(AbstractRequirements.java:300)
	at com.googlecode.wicketelements.security.AnnotationSecurityCheck.findSecurityConstraintsForEnable(AnnotationSecurityCheck.java:38)
	at com.googlecode.wicketelements.security.AnnotationSecurityCheckTest.testFindSecurityConstraintsForEnableWithNullParameter(AnnotationSecurityCheckTest.java:83)
	at org.apache.maven.surefire.testng.TestNGExecutor.run(TestNGExecutor.java:60)
	at org.apache.maven.surefire.testng.TestNGDirectoryTestSuite.execute(TestNGDirectoryTestSuite.java:106)
	at org.apache.maven.surefire.testng.TestNGProvider.invoke(TestNGProvider.java:111)
	at org.apache.maven.surefire.booter.ProviderFactory$ClassLoaderProxy.invoke(ProviderFactory.java:103)
	at $Proxy0.invoke(Unknown Source)
	at org.apache.maven.surefire.booter.SurefireStarter.invokeProvider(SurefireStarter.java:150)
	at org.apache.maven.surefire.booter.SurefireStarter.runSuitesInProcess(SurefireStarter.java:91)
	at org.apache.maven.surefire.booter.ForkedBooter.main(ForkedBooter.java:69)
... Removed 26 stack frames</pre></div><a href='#' onClick='toggleBox("stack-trace1162415797", this, "Click to show all stack frames", "Click to hide stack frames")'>Click to show all stack frames</a>
<div class='stack-trace' id='stack-trace1162415797'><pre>java.lang.IllegalArgumentException: Requires a non null object. Cannot find security constraints an a null component!
	at com.googlecode.jbp.common.requirements.ParamRequirements.onConditionNotMet(ParamRequirements.java:60)
	at com.googlecode.jbp.common.requirements.AbstractRequirements$3.requireNotNull(AbstractRequirements.java:300)
	at com.googlecode.wicketelements.security.AnnotationSecurityCheck.findSecurityConstraintsForEnable(AnnotationSecurityCheck.java:38)
	at com.googlecode.wicketelements.security.AnnotationSecurityCheckTest.testFindSecurityConstraintsForEnableWithNullParameter(AnnotationSecurityCheckTest.java:83)
	at sun.reflect.NativeMethodAccessorImpl.invoke0(Native Method)
	at sun.reflect.NativeMethodAccessorImpl.invoke(NativeMethodAccessorImpl.java:39)
	at sun.reflect.DelegatingMethodAccessorImpl.invoke(DelegatingMethodAccessorImpl.java:25)
	at java.lang.reflect.Method.invoke(Method.java:597)
	at org.testng.internal.MethodInvocationHelper.invokeMethod(MethodInvocationHelper.java:74)
	at org.testng.internal.Invoker.invokeMethod(Invoker.java:673)
	at org.testng.internal.Invoker.invokeTestMethod(Invoker.java:846)
	at org.testng.internal.Invoker.invokeTestMethods(Invoker.java:1170)
	at org.testng.internal.TestMethodWorker.invokeTestMethods(TestMethodWorker.java:125)
	at org.testng.internal.TestMethodWorker.run(TestMethodWorker.java:109)
	at org.testng.TestRunner.runWorkers(TestRunner.java:1125)
	at org.testng.TestRunner.privateRun(TestRunner.java:749)
	at org.testng.TestRunner.run(TestRunner.java:600)
	at org.testng.SuiteRunner.runTest(SuiteRunner.java:317)
	at org.testng.SuiteRunner.runSequentially(SuiteRunner.java:312)
	at org.testng.SuiteRunner.privateRun(SuiteRunner.java:274)
	at org.testng.SuiteRunner.run(SuiteRunner.java:223)
	at org.testng.SuiteRunnerWorker.runSuite(SuiteRunnerWorker.java:52)
	at org.testng.SuiteRunnerWorker.run(SuiteRunnerWorker.java:86)
	at org.testng.TestNG.runSuitesSequentially(TestNG.java:995)
	at org.testng.TestNG.runSuitesLocally(TestNG.java:920)
	at org.testng.TestNG.run(TestNG.java:856)
	at org.apache.maven.surefire.testng.TestNGExecutor.run(TestNGExecutor.java:60)
	at org.apache.maven.surefire.testng.TestNGDirectoryTestSuite.execute(TestNGDirectoryTestSuite.java:106)
	at org.apache.maven.surefire.testng.TestNGProvider.invoke(TestNGProvider.java:111)
	at sun.reflect.NativeMethodAccessorImpl.invoke0(Native Method)
	at sun.reflect.NativeMethodAccessorImpl.invoke(NativeMethodAccessorImpl.java:39)
	at sun.reflect.DelegatingMethodAccessorImpl.invoke(DelegatingMethodAccessorImpl.java:25)
	at java.lang.reflect.Method.invoke(Method.java:597)
	at org.apache.maven.surefire.booter.ProviderFactory$ClassLoaderProxy.invoke(ProviderFactory.java:103)
	at $Proxy0.invoke(Unknown Source)
	at org.apache.maven.surefire.booter.SurefireStarter.invokeProvider(SurefireStarter.java:150)
	at org.apache.maven.surefire.booter.SurefireStarter.runSuitesInProcess(SurefireStarter.java:91)
	at org.apache.maven.surefire.booter.ForkedBooter.main(ForkedBooter.java:69)
</pre></div></td>
<td>0</td>
<td>com.googlecode.wicketelements.security.AnnotationSecurityCheckTest@23d256fa</td></tr>
<tr>
<td title='com.googlecode.wicketelements.security.AnnotationSecurityCheckTest.testFindSecurityConstraintsForEnableWithOneConstraintInEnableAnnotation()'><b>testFindSecurityConstraintsForEnableWithOneConstraintInEnableAnnotation</b><br>Test class: com.googlecode.wicketelements.security.AnnotationSecurityCheckTest</td>
<td></td>
<td>0</td>
<td>com.googlecode.wicketelements.security.AnnotationSecurityCheckTest@23d256fa</td></tr>
<tr>
<td title='com.googlecode.wicketelements.security.AnnotationSecurityCheckTest.testFindSecurityConstraintsForEnableWithOneConstraintInRenderAnnotation()'><b>testFindSecurityConstraintsForEnableWithOneConstraintInRenderAnnotation</b><br>Test class: com.googlecode.wicketelements.security.AnnotationSecurityCheckTest</td>
<td></td>
<td>0</td>
<td>com.googlecode.wicketelements.security.AnnotationSecurityCheckTest@23d256fa</td></tr>
<tr>
<td title='com.googlecode.wicketelements.security.AnnotationSecurityCheckTest.testFindSecurityConstraintsForInstantiationWithNullParameter()'><b>testFindSecurityConstraintsForInstantiationWithNullParameter</b><br>Test class: com.googlecode.wicketelements.security.AnnotationSecurityCheckTest</td>
<td><div><pre>java.lang.IllegalArgumentException: Requires a non null object. Cannot find security constraints an a null component class!
	at com.googlecode.jbp.common.requirements.ParamRequirements.onConditionNotMet(ParamRequirements.java:60)
	at com.googlecode.jbp.common.requirements.AbstractRequirements$3.requireNotNull(AbstractRequirements.java:300)
	at com.googlecode.wicketelements.security.AnnotationSecurityCheck.findSecurityConstraintsForInstantiation(AnnotationSecurityCheck.java:58)
	at com.googlecode.wicketelements.security.AnnotationSecurityCheckTest.testFindSecurityConstraintsForInstantiationWithNullParameter(AnnotationSecurityCheckTest.java:93)
	at org.apache.maven.surefire.testng.TestNGExecutor.run(TestNGExecutor.java:60)
	at org.apache.maven.surefire.testng.TestNGDirectoryTestSuite.execute(TestNGDirectoryTestSuite.java:106)
	at org.apache.maven.surefire.testng.TestNGProvider.invoke(TestNGProvider.java:111)
	at org.apache.maven.surefire.booter.ProviderFactory$ClassLoaderProxy.invoke(ProviderFactory.java:103)
	at $Proxy0.invoke(Unknown Source)
	at org.apache.maven.surefire.booter.SurefireStarter.invokeProvider(SurefireStarter.java:150)
	at org.apache.maven.surefire.booter.SurefireStarter.runSuitesInProcess(SurefireStarter.java:91)
	at org.apache.maven.surefire.booter.ForkedBooter.main(ForkedBooter.java:69)
... Removed 26 stack frames</pre></div><a href='#' onClick='toggleBox("stack-trace240990493", this, "Click to show all stack frames", "Click to hide stack frames")'>Click to show all stack frames</a>
<div class='stack-trace' id='stack-trace240990493'><pre>java.lang.IllegalArgumentException: Requires a non null object. Cannot find security constraints an a null component class!
	at com.googlecode.jbp.common.requirements.ParamRequirements.onConditionNotMet(ParamRequirements.java:60)
	at com.googlecode.jbp.common.requirements.AbstractRequirements$3.requireNotNull(AbstractRequirements.java:300)
	at com.googlecode.wicketelements.security.AnnotationSecurityCheck.findSecurityConstraintsForInstantiation(AnnotationSecurityCheck.java:58)
	at com.googlecode.wicketelements.security.AnnotationSecurityCheckTest.testFindSecurityConstraintsForInstantiationWithNullParameter(AnnotationSecurityCheckTest.java:93)
	at sun.reflect.NativeMethodAccessorImpl.invoke0(Native Method)
	at sun.reflect.NativeMethodAccessorImpl.invoke(NativeMethodAccessorImpl.java:39)
	at sun.reflect.DelegatingMethodAccessorImpl.invoke(DelegatingMethodAccessorImpl.java:25)
	at java.lang.reflect.Method.invoke(Method.java:597)
	at org.testng.internal.MethodInvocationHelper.invokeMethod(MethodInvocationHelper.java:74)
	at org.testng.internal.Invoker.invokeMethod(Invoker.java:673)
	at org.testng.internal.Invoker.invokeTestMethod(Invoker.java:846)
	at org.testng.internal.Invoker.invokeTestMethods(Invoker.java:1170)
	at org.testng.internal.TestMethodWorker.invokeTestMethods(TestMethodWorker.java:125)
	at org.testng.internal.TestMethodWorker.run(TestMethodWorker.java:109)
	at org.testng.TestRunner.runWorkers(TestRunner.java:1125)
	at org.testng.TestRunner.privateRun(TestRunner.java:749)
	at org.testng.TestRunner.run(TestRunner.java:600)
	at org.testng.SuiteRunner.runTest(SuiteRunner.java:317)
	at org.testng.SuiteRunner.runSequentially(SuiteRunner.java:312)
	at org.testng.SuiteRunner.privateRun(SuiteRunner.java:274)
	at org.testng.SuiteRunner.run(SuiteRunner.java:223)
	at org.testng.SuiteRunnerWorker.runSuite(SuiteRunnerWorker.java:52)
	at org.testng.SuiteRunnerWorker.run(SuiteRunnerWorker.java:86)
	at org.testng.TestNG.runSuitesSequentially(TestNG.java:995)
	at org.testng.TestNG.runSuitesLocally(TestNG.java:920)
	at org.testng.TestNG.run(TestNG.java:856)
	at org.apache.maven.surefire.testng.TestNGExecutor.run(TestNGExecutor.java:60)
	at org.apache.maven.surefire.testng.TestNGDirectoryTestSuite.execute(TestNGDirectoryTestSuite.java:106)
	at org.apache.maven.surefire.testng.TestNGProvider.invoke(TestNGProvider.java:111)
	at sun.reflect.NativeMethodAccessorImpl.invoke0(Native Method)
	at sun.reflect.NativeMethodAccessorImpl.invoke(NativeMethodAccessorImpl.java:39)
	at sun.reflect.DelegatingMethodAccessorImpl.invoke(DelegatingMethodAccessorImpl.java:25)
	at java.lang.reflect.Method.invoke(Method.java:597)
	at org.apache.maven.surefire.booter.ProviderFactory$ClassLoaderProxy.invoke(ProviderFactory.java:103)
	at $Proxy0.invoke(Unknown Source)
	at org.apache.maven.surefire.booter.SurefireStarter.invokeProvider(SurefireStarter.java:150)
	at org.apache.maven.surefire.booter.SurefireStarter.runSuitesInProcess(SurefireStarter.java:91)
	at org.apache.maven.surefire.booter.ForkedBooter.main(ForkedBooter.java:69)
</pre></div></td>
<td>0</td>
<td>com.googlecode.wicketelements.security.AnnotationSecurityCheckTest@23d256fa</td></tr>
<tr>
<td title='com.googlecode.wicketelements.security.AnnotationSecurityCheckTest.testFindSecurityConstraintsForInstantiationWithOneConstraintInInstantiationAnnotation()'><b>testFindSecurityConstraintsForInstantiationWithOneConstraintInInstantiationAnnotation</b><br>Test class: com.googlecode.wicketelements.security.AnnotationSecurityCheckTest</td>
<td></td>
<td>0</td>
<td>com.googlecode.wicketelements.security.AnnotationSecurityCheckTest@23d256fa</td></tr>
<tr>
<td title='com.googlecode.wicketelements.security.AnnotationSecurityCheckTest.testFindSecurityConstraintsForInstantiationWithOneConstraintInRenderAnnotation()'><b>testFindSecurityConstraintsForInstantiationWithOneConstraintInRenderAnnotation</b><br>Test class: com.googlecode.wicketelements.security.AnnotationSecurityCheckTest</td>
<td></td>
<td>0</td>
<td>com.googlecode.wicketelements.security.AnnotationSecurityCheckTest@23d256fa</td></tr>
<tr>
<td title='com.googlecode.wicketelements.security.AnnotationSecurityCheckTest.testFindSecurityConstraintsForRenderWithNullParameter()'><b>testFindSecurityConstraintsForRenderWithNullParameter</b><br>Test class: com.googlecode.wicketelements.security.AnnotationSecurityCheckTest</td>
<td><div><pre>java.lang.IllegalArgumentException: Requires a non null object. Cannot find security constraints an a null component!
	at com.googlecode.jbp.common.requirements.ParamRequirements.onConditionNotMet(ParamRequirements.java:60)
	at com.googlecode.jbp.common.requirements.AbstractRequirements$3.requireNotNull(AbstractRequirements.java:300)
	at com.googlecode.wicketelements.security.AnnotationSecurityCheck.findSecurityConstraintsForRender(AnnotationSecurityCheck.java:48)
	at com.googlecode.wicketelements.security.AnnotationSecurityCheckTest.testFindSecurityConstraintsForRenderWithNullParameter(AnnotationSecurityCheckTest.java:88)
	at org.apache.maven.surefire.testng.TestNGExecutor.run(TestNGExecutor.java:60)
	at org.apache.maven.surefire.testng.TestNGDirectoryTestSuite.execute(TestNGDirectoryTestSuite.java:106)
	at org.apache.maven.surefire.testng.TestNGProvider.invoke(TestNGProvider.java:111)
	at org.apache.maven.surefire.booter.ProviderFactory$ClassLoaderProxy.invoke(ProviderFactory.java:103)
	at $Proxy0.invoke(Unknown Source)
	at org.apache.maven.surefire.booter.SurefireStarter.invokeProvider(SurefireStarter.java:150)
	at org.apache.maven.surefire.booter.SurefireStarter.runSuitesInProcess(SurefireStarter.java:91)
	at org.apache.maven.surefire.booter.ForkedBooter.main(ForkedBooter.java:69)
... Removed 26 stack frames</pre></div><a href='#' onClick='toggleBox("stack-trace873482707", this, "Click to show all stack frames", "Click to hide stack frames")'>Click to show all stack frames</a>
<div class='stack-trace' id='stack-trace873482707'><pre>java.lang.IllegalArgumentException: Requires a non null object. Cannot find security constraints an a null component!
	at com.googlecode.jbp.common.requirements.ParamRequirements.onConditionNotMet(ParamRequirements.java:60)
	at com.googlecode.jbp.common.requirements.AbstractRequirements$3.requireNotNull(AbstractRequirements.java:300)
	at com.googlecode.wicketelements.security.AnnotationSecurityCheck.findSecurityConstraintsForRender(AnnotationSecurityCheck.java:48)
	at com.googlecode.wicketelements.security.AnnotationSecurityCheckTest.testFindSecurityConstraintsForRenderWithNullParameter(AnnotationSecurityCheckTest.java:88)
	at sun.reflect.NativeMethodAccessorImpl.invoke0(Native Method)
	at sun.reflect.NativeMethodAccessorImpl.invoke(NativeMethodAccessorImpl.java:39)
	at sun.reflect.DelegatingMethodAccessorImpl.invoke(DelegatingMethodAccessorImpl.java:25)
	at java.lang.reflect.Method.invoke(Method.java:597)
	at org.testng.internal.MethodInvocationHelper.invokeMethod(MethodInvocationHelper.java:74)
	at org.testng.internal.Invoker.invokeMethod(Invoker.java:673)
	at org.testng.internal.Invoker.invokeTestMethod(Invoker.java:846)
	at org.testng.internal.Invoker.invokeTestMethods(Invoker.java:1170)
	at org.testng.internal.TestMethodWorker.invokeTestMethods(TestMethodWorker.java:125)
	at org.testng.internal.TestMethodWorker.run(TestMethodWorker.java:109)
	at org.testng.TestRunner.runWorkers(TestRunner.java:1125)
	at org.testng.TestRunner.privateRun(TestRunner.java:749)
	at org.testng.TestRunner.run(TestRunner.java:600)
	at org.testng.SuiteRunner.runTest(SuiteRunner.java:317)
	at org.testng.SuiteRunner.runSequentially(SuiteRunner.java:312)
	at org.testng.SuiteRunner.privateRun(SuiteRunner.java:274)
	at org.testng.SuiteRunner.run(SuiteRunner.java:223)
	at org.testng.SuiteRunnerWorker.runSuite(SuiteRunnerWorker.java:52)
	at org.testng.SuiteRunnerWorker.run(SuiteRunnerWorker.java:86)
	at org.testng.TestNG.runSuitesSequentially(TestNG.java:995)
	at org.testng.TestNG.runSuitesLocally(TestNG.java:920)
	at org.testng.TestNG.run(TestNG.java:856)
	at org.apache.maven.surefire.testng.TestNGExecutor.run(TestNGExecutor.java:60)
	at org.apache.maven.surefire.testng.TestNGDirectoryTestSuite.execute(TestNGDirectoryTestSuite.java:106)
	at org.apache.maven.surefire.testng.TestNGProvider.invoke(TestNGProvider.java:111)
	at sun.reflect.NativeMethodAccessorImpl.invoke0(Native Method)
	at sun.reflect.NativeMethodAccessorImpl.invoke(NativeMethodAccessorImpl.java:39)
	at sun.reflect.DelegatingMethodAccessorImpl.invoke(DelegatingMethodAccessorImpl.java:25)
	at java.lang.reflect.Method.invoke(Method.java:597)
	at org.apache.maven.surefire.booter.ProviderFactory$ClassLoaderProxy.invoke(ProviderFactory.java:103)
	at $Proxy0.invoke(Unknown Source)
	at org.apache.maven.surefire.booter.SurefireStarter.invokeProvider(SurefireStarter.java:150)
	at org.apache.maven.surefire.booter.SurefireStarter.runSuitesInProcess(SurefireStarter.java:91)
	at org.apache.maven.surefire.booter.ForkedBooter.main(ForkedBooter.java:69)
</pre></div></td>
<td>0</td>
<td>com.googlecode.wicketelements.security.AnnotationSecurityCheckTest@23d256fa</td></tr>
<tr>
<td title='com.googlecode.wicketelements.security.AnnotationSecurityCheckTest.testFindSecurityConstraintsForRenderWithOneConstraintInEnableAnnotation()'><b>testFindSecurityConstraintsForRenderWithOneConstraintInEnableAnnotation</b><br>Test class: com.googlecode.wicketelements.security.AnnotationSecurityCheckTest</td>
<td></td>
<td>0</td>
<td>com.googlecode.wicketelements.security.AnnotationSecurityCheckTest@23d256fa</td></tr>
<tr>
<td title='com.googlecode.wicketelements.security.AnnotationSecurityCheckTest.testFindSecurityConstraintsForRenderWithOneConstraintInRenderAnnotation()'><b>testFindSecurityConstraintsForRenderWithOneConstraintInRenderAnnotation</b><br>Test class: com.googlecode.wicketelements.security.AnnotationSecurityCheckTest</td>
<td></td>
<td>0</td>
<td>com.googlecode.wicketelements.security.AnnotationSecurityCheckTest@23d256fa</td></tr>
</table><p>
</body>
</html>